<?xml version="1.0" encoding="UTF-8"?>
<testng-results skipped="0" failed="1" total="1" passed="0">
  <reporter-output>
  </reporter-output>
  <suite name="Default suite" duration-ms="756" started-at="2012-07-31T14:31:27Z" finished-at="2012-07-31T14:31:28Z">
    <groups>
    </groups>
    <test name="Default test" duration-ms="756" started-at="2012-07-31T14:31:27Z" finished-at="2012-07-31T14:31:28Z">
      <class name="com.dianping.searchQA.IndexServiceTest.ExtendErrorPercentTest">
        <test-method status="PASS" signature="setup()[pri:0, instance:com.dianping.searchQA.IndexServiceTest.ExtendErrorPercentTest@17ebe66]" name="setup" is-config="true" duration-ms="81" started-at="2012-07-31T14:31:27Z" finished-at="2012-07-31T14:31:27Z">
        </test-method> <!-- setup -->
        <test-method status="PASS" signature="springTestContextPrepareTestInstance()[pri:0, instance:com.dianping.searchQA.IndexServiceTest.ExtendErrorPercentTest@17ebe66]" name="springTestContextPrepareTestInstance" is-config="true" duration-ms="280" started-at="2012-07-31T14:31:27Z" finished-at="2012-07-31T14:31:27Z">
        </test-method> <!-- springTestContextPrepareTestInstance -->
        <test-method status="PASS" signature="springTestContextBeforeTestMethod(java.lang.reflect.Method)[pri:0, instance:com.dianping.searchQA.IndexServiceTest.ExtendErrorPercentTest@17ebe66]" name="springTestContextBeforeTestMethod" is-config="true" duration-ms="0" started-at="2012-07-31T14:31:27Z" finished-at="2012-07-31T14:31:27Z">
          <params>
            <param index="0">
              <value>
                <![CDATA[public void com.dianping.searchQA.IndexServiceTest.ExtendErrorPercentTest.CreateManualIndex() throws java.net.MalformedURLException,java.lang.ClassNotFoundException]]>
              </value>
            </param>
          </params>
        </test-method> <!-- springTestContextBeforeTestMethod -->
        <test-method status="FAIL" signature="CreateManualIndex()[pri:0, instance:com.dianping.searchQA.IndexServiceTest.ExtendErrorPercentTest@17ebe66]" name="CreateManualIndex" duration-ms="303" started-at="2012-07-31T14:31:27Z" finished-at="2012-07-31T14:31:28Z">
          <exception class="junit.framework.AssertionFailedError">
            <message>
              <![CDATA[test fail]]>
            </message>
            <full-stacktrace>
              <![CDATA[junit.framework.AssertionFailedError: test fail
	at junit.framework.Assert.fail(Assert.java:47)
	at junit.framework.Assert.assertTrue(Assert.java:20)
	at com.dianping.searchQA.IndexServiceTest.ExtendErrorPercentTest.CreateManualIndex(ExtendErrorPercentTest.java:87)
	at sun.reflect.NativeMethodAccessorImpl.invoke0(Native Method)
	at sun.reflect.NativeMethodAccessorImpl.invoke(NativeMethodAccessorImpl.java:39)
	at sun.reflect.DelegatingMethodAccessorImpl.invoke(DelegatingMethodAccessorImpl.java:25)
	at java.lang.reflect.Method.invoke(Method.java:597)
	at org.testng.internal.MethodInvocationHelper.invokeMethod(MethodInvocationHelper.java:80)
	at org.testng.internal.MethodInvocationHelper$1.runTestMethod(MethodInvocationHelper.java:182)
	at org.springframework.test.context.testng.AbstractTestNGSpringContextTests.run(AbstractTestNGSpringContextTests.java:140)
	at sun.reflect.NativeMethodAccessorImpl.invoke0(Native Method)
	at sun.reflect.NativeMethodAccessorImpl.invoke(NativeMethodAccessorImpl.java:39)
	at sun.reflect.DelegatingMethodAccessorImpl.invoke(DelegatingMethodAccessorImpl.java:25)
	at java.lang.reflect.Method.invoke(Method.java:597)
	at org.testng.internal.MethodInvocationHelper.invokeHookable(MethodInvocationHelper.java:194)
	at org.testng.internal.Invoker.invokeMethod(Invoker.java:695)
	at org.testng.internal.Invoker.invokeTestMethod(Invoker.java:894)
	at org.testng.internal.Invoker.invokeTestMethods(Invoker.java:1219)
	at org.testng.internal.TestMethodWorker.invokeTestMethods(TestMethodWorker.java:127)
	at org.testng.internal.TestMethodWorker.run(TestMethodWorker.java:111)
	at org.testng.TestRunner.privateRun(TestRunner.java:768)
	at org.testng.TestRunner.run(TestRunner.java:617)
	at org.testng.SuiteRunner.runTest(SuiteRunner.java:334)
	at org.testng.SuiteRunner.runSequentially(SuiteRunner.java:329)
	at org.testng.SuiteRunner.privateRun(SuiteRunner.java:291)
	at org.testng.SuiteRunner.run(SuiteRunner.java:240)
	at org.testng.SuiteRunnerWorker.runSuite(SuiteRunnerWorker.java:53)
	at org.testng.SuiteRunnerWorker.run(SuiteRunnerWorker.java:87)
	at org.testng.TestNG.runSuitesSequentially(TestNG.java:1188)
	at org.testng.TestNG.runSuitesLocally(TestNG.java:1113)
	at org.testng.TestNG.run(TestNG.java:1025)
	at org.testng.remote.RemoteTestNG.run(RemoteTestNG.java:109)
	at org.testng.remote.RemoteTestNG.initAndRun(RemoteTestNG.java:202)
	at org.testng.remote.RemoteTestNG.main(RemoteTestNG.java:173)
]]>
            </full-stacktrace>
          </exception> <!-- junit.framework.AssertionFailedError -->
        </test-method> <!-- CreateManualIndex -->
        <test-method status="PASS" signature="springTestContextAfterTestMethod(java.lang.reflect.Method)[pri:0, instance:com.dianping.searchQA.IndexServiceTest.ExtendErrorPercentTest@17ebe66]" name="springTestContextAfterTestMethod" is-config="true" duration-ms="0" started-at="2012-07-31T14:31:28Z" finished-at="2012-07-31T14:31:28Z">
          <params>
            <param index="0">
              <value>
                <![CDATA[public void com.dianping.searchQA.IndexServiceTest.ExtendErrorPercentTest.CreateManualIndex() throws java.net.MalformedURLException,java.lang.ClassNotFoundException]]>
              </value>
            </param>
          </params>
        </test-method> <!-- springTestContextAfterTestMethod -->
        <test-method status="PASS" signature="teardown()[pri:0, instance:com.dianping.searchQA.IndexServiceTest.ExtendErrorPercentTest@17ebe66]" name="teardown" is-config="true" duration-ms="75" started-at="2012-07-31T14:31:28Z" finished-at="2012-07-31T14:31:28Z">
        </test-method> <!-- teardown -->
      </class> <!-- com.dianping.searchQA.IndexServiceTest.ExtendErrorPercentTest -->
    </test> <!-- Default test -->
  </suite> <!-- Default suite -->
</testng-results>
